<?xml version="1.0" encoding="UTF-8"?>
<testsuite name="co.com.techandsolve.tarjeta.tests.DiceTest" tests="1" skipped="0" failures="0" errors="0" timestamp="2016-11-15T20:06:54" hostname="Alejandro-Naranjo" time="0.005">
  <properties/>
  <testcase name="shouldReturnNumberBetween1And6" classname="co.com.techandsolve.tarjeta.tests.DiceTest" time="0.005"/>
  <system-out><![CDATA[]]></system-out>
  <system-err><![CDATA[]]></system-err>
</testsuite>
