<?xml version="1.0" encoding="UTF-8"?>
<testsuite name="co.com.techandsolve.tarjeta.tests.CalculatorTest" tests="3" skipped="0" failures="0" errors="0" timestamp="2016-11-15T19:56:33" hostname="Alejandro-Naranjo" time="0.323">
  <properties/>
  <testcase name="shouldReturn20WhenSend5and4" classname="co.com.techandsolve.tarjeta.tests.CalculatorTest" time="0.001"/>
  <testcase name="shouldReturn8WhenSend5and3" classname="co.com.techandsolve.tarjeta.tests.CalculatorTest" time="0.0"/>
  <testcase name="metodoQueUtilizaMocks" classname="co.com.techandsolve.tarjeta.tests.CalculatorTest" time="0.321"/>
  <system-out><![CDATA[]]></system-out>
  <system-err><![CDATA[]]></system-err>
</testsuite>
