<?xml version="1.0" encoding="UTF-8"?>
<testsuite name="co.com.techandsolve.tarjeta.tests.JuegoAzarTest" tests="2" skipped="0" failures="0" errors="0" timestamp="2016-11-15T17:01:05" hostname="Alejandro-Naranjo" time="0.016">
  <properties/>
  <testcase name="shouldReturnWinner" classname="co.com.techandsolve.tarjeta.tests.JuegoAzarTest" time="0.016"/>
  <testcase name="shouldReturnLoser" classname="co.com.techandsolve.tarjeta.tests.JuegoAzarTest" time="0.0"/>
  <system-out><![CDATA[]]></system-out>
  <system-err><![CDATA[]]></system-err>
</testsuite>
